TN:
SF:01-requestcount.js
FNF:0
FNH:0
DA:1,1
DA:2,1
DA:3,1
DA:4,1
DA:5,1
DA:6,1
DA:7,1
DA:8,12
DA:9,12
DA:10,12
DA:11,1
DA:12,1
DA:13,1
DA:14,1
DA:15,1
DA:16,1
DA:17,1
DA:18,1
DA:19,10
DA:20,1
DA:21,1
DA:22,1
DA:23,0
DA:24,1
DA:25,1
DA:26,1
DA:27,2
DA:28,1
DA:29,1
DA:30,1
LF:30
LH:29
BRDA:7,0,0,12
BRDA:18,1,0,10
BRDA:26,2,0,2
BRF:3
BRH:3
end_of_record
TN:
SF:02-ratelimitter.js
FNF:0
FNH:0
DA:1,1
DA:2,1
DA:3,1
DA:4,1
DA:5,1
DA:6,1
DA:7,1
DA:8,1
DA:9,1
DA:10,1
DA:11,1
DA:12,1
DA:13,1
DA:14,1
DA:15,1
DA:16,1
DA:17,13
DA:18,13
DA:19,13
DA:20,0
DA:21,0
DA:22,13
DA:23,13
DA:24,13
DA:25,13
DA:26,1
DA:27,1
DA:28,1
DA:29,1
DA:30,13
DA:31,12
DA:32,12
DA:33,12
DA:34,12
DA:35,11
DA:36,12
DA:37,1
DA:38,1
DA:39,1
DA:40,1
DA:41,1
DA:42,12
DA:43,13
DA:44,13
DA:45,7
DA:46,7
DA:47,6
DA:48,6
DA:49,1
DA:50,1
DA:51,1
DA:52,6
DA:53,1
DA:54,1
DA:55,1
DA:56,0
DA:57,1
DA:58,1
DA:59,1
DA:60,1
LF:60
LH:57
BRDA:16,0,0,13
BRDA:19,1,0,0
BRDA:25,2,0,1
BRDA:30,3,0,12
BRDA:34,4,0,11
BRDA:36,5,0,1
BRDA:44,6,0,7
BRDA:46,7,0,6
BRDA:51,8,0,6
BRF:9
BRH:8
end_of_record
TN:
SF:03-errorcount.js
FNF:0
FNH:0
DA:1,1
DA:2,1
DA:3,1
DA:4,1
DA:5,1
DA:6,1
DA:7,1
DA:8,1
DA:9,1
DA:10,1
DA:11,1
DA:12,1
DA:13,1
DA:14,11
DA:15,11
DA:16,11
DA:17,0
DA:18,1
DA:19,1
DA:20,1
DA:21,0
DA:22,1
DA:23,1
DA:24,1
DA:25,2
DA:26,1
DA:27,1
DA:28,1
LF:28
LH:26
BRDA:13,0,0,11
BRDA:16,1,0,0
BRDA:24,2,0,2
BRF:3
BRH:2
end_of_record
